19 [1457075648] INFO perfrun.launcher <> - Launcher main begin
22 [1457075648] INFO perfrun.launcher <> - MessageCatalogInit finished
22 [1457075648] INFO perfrun.launcher <> - Launcher instance created
22 [1457075648] INFO perfrun.launcher <> - argc = 6; cmdline = /usr/local/intel/parallel_studio_xe_2019_update4/vtune_amplifier_2019.4.0.597835/bin32/amplxe-runss -dump-vdso -r /tmp/amplxe-tmp-yhyuan2/amplxe-res-40861-2445338940664464 --tmp-dir /tmp/amplxe-tmp-yhyuan2 
33 [1457075648] INFO perfrun.launcher <> - plugin remoteplug has been added successfully
33 [1457075648] INFO perfrun.launcher <> - plugin system has been added successfully
34 [1457075648] INFO perfrun.launcher <> - plugin itt has been added successfully
34 [1457075648] INFO perfrun.launcher <> - plugin ptracecollector has been added successfully
34 [1457075648] INFO perfrun.launcher <> - plugin gpu has been added successfully
34 [1457075648] INFO perfrun.launcher <> - plugin  has been added successfully
34 [1457075648] INFO perfrun.launcher <> - plugin  has been added successfully
34 [1457075648] INFO perfrun.launcher <> - plugin  has been added successfully
34 [1457075648] INFO perfrun.launcher <> - plugin mrte has been added successfully
34 [1457075648] INFO perfrun.launcher <> - plugin emon has been added successfully
34 [1457075648] INFO perfrun.launcher <> - plugin cuscol has been added successfully
34 [1457075648] INFO perfrun.launcher <> - plugin stdsrc has been added successfully
34 [1457075648] INFO perfrun.launcher <> - plugin sep has been added successfully
34 [1457075648] INFO perfrun.launcher <> - plugin vtsspp has been added successfully
35 [1457075648] INFO perfrun.sdk <> - Reading value (2) from file: /proc/sys/kernel/perf_event_paranoid
38 [1457075648] INFO perfrun.perfcollector <> - cpu: family = 6 model = 63
38 [1457075648] INFO perfrun.perfcollector <> - dir found : /sys/bus/event_source/devices/cpu
38 [1457075648] INFO perfrun.perfcollector <> - format: pc config:19 mask:19
38 [1457075648] INFO perfrun.perfcollector <> - format: any config:21 mask:21
38 [1457075648] INFO perfrun.perfcollector <> - format: inv config:23 mask:23
38 [1457075648] INFO perfrun.perfcollector <> - format: edge config:18 mask:18
38 [1457075648] INFO perfrun.perfcollector <> - format: cmask config:24-31 mask:24-31
38 [1457075648] INFO perfrun.perfcollector <> - format: event config:0-7 mask:0-7
38 [1457075648] INFO perfrun.perfcollector <> - format: ldlat config1:0-15 mask:0-15
38 [1457075648] INFO perfrun.perfcollector <> - format: umask config:8-15 mask:8-15
38 [1457075648] INFO perfrun.perfcollector <> - format: offcore_rsp config1:0-63 mask:0-63
38 [1457075648] INFO perfrun.perfcollector <> - hwInfo : PERF_CPU_PMU_DETAILS
39 [1457075648] INFO perfrun.perfcollector <> - pmu added : family : cpu , id : 0
39 [1457075648] INFO perfrun.perfcollector <> - dir found : /sys/bus/event_source/devices/msr
39 [1457075648] INFO perfrun.perfcollector <> - format: event config:0-63 mask:0-63
39 [1457075648] WARN perfrun.perfcollector <> - pmu hwInfo is not set, at file: vcs/perfrun1/plugins/perfcollector/src/controller.cpp:689
39 [1457075648] INFO perfrun.perfcollector <> - pmu added : family : msr , id : 0
39 [1457075648] INFO perfrun.perfcollector <> - dir found : /sys/bus/event_source/devices/uncore_cbox_10
39 [1457075648] INFO perfrun.perfcollector <> - format: edge config:18 mask:18
39 [1457075648] INFO perfrun.perfcollector <> - format: event config:0-7 mask:0-7
39 [1457075648] INFO perfrun.perfcollector <> - format: umask config:8-15 mask:8-15
39 [1457075648] INFO perfrun.perfcollector <> - format: filter_c6 config1:61 mask:61
39 [1457075648] INFO perfrun.perfcollector <> - format: filter_nc config1:62 mask:62
39 [1457075648] INFO perfrun.perfcollector <> - format: filter_isoc config1:63 mask:63
39 [1457075648] INFO perfrun.perfcollector <> - format: filter_link config1:6-8 mask:6-8
39 [1457075648] INFO perfrun.perfcollector <> - format: filter_nid config1:32-47 mask:32-47
42 [1457075648] INFO perfrun.perfcollector <> - format: filter_opc config1:52-60 mask:52-60
42 [1457075648] INFO perfrun.perfcollector <> - format: filter_tid config1:0-5 mask:0-5
42 [1457075648] INFO perfrun.perfcollector <> - format: tid_en config:19 mask:19
42 [1457075648] INFO perfrun.perfcollector <> - format: thresh config:24-31 mask:24-31
42 [1457075648] INFO perfrun.perfcollector <> - format: filter_state config1:17-23 mask:17-23
42 [1457075648] WARN perfrun.perfcollector <> - pmu hwInfo is not set, at file: vcs/perfrun1/plugins/perfcollector/src/controller.cpp:689
42 [1457075648] INFO perfrun.perfcollector <> - pmu added : family : uncore_cbox , id : 10
42 [1457075648] INFO perfrun.perfcollector <> - dir found : /sys/bus/event_source/devices/uncore_cbox_11
42 [1457075648] INFO perfrun.perfcollector <> - format: edge config:18 mask:18
42 [1457075648] INFO perfrun.perfcollector <> - format: event config:0-7 mask:0-7
42 [1457075648] INFO perfrun.perfcollector <> - format: umask config:8-15 mask:8-15
43 [1457075648] INFO perfrun.perfcollector <> - format: filter_c6 config1:61 mask:61
43 [1457075648] INFO perfrun.perfcollector <> - format: filter_nc config1:62 mask:62
43 [1457075648] INFO perfrun.perfcollector <> - format: filter_isoc config1:63 mask:63
43 [1457075648] INFO perfrun.perfcollector <> - format: filter_link config1:6-8 mask:6-8
43 [1457075648] INFO perfrun.perfcollector <> - format: filter_nid config1:32-47 mask:32-47
43 [1457075648] INFO perfrun.perfcollector <> - format: filter_opc config1:52-60 mask:52-60
43 [1457075648] INFO perfrun.perfcollector <> - format: filter_tid config1:0-5 mask:0-5
43 [1457075648] INFO perfrun.perfcollector <> - format: tid_en config:19 mask:19
43 [1457075648] INFO perfrun.perfcollector <> - format: thresh config:24-31 mask:24-31
43 [1457075648] INFO perfrun.perfcollector <> - format: filter_state config1:17-23 mask:17-23
43 [1457075648] WARN perfrun.perfcollector <> - pmu hwInfo is not set, at file: vcs/perfrun1/plugins/perfcollector/src/controller.cpp:689
43 [1457075648] INFO perfrun.perfcollector <> - pmu added : family : uncore_cbox , id : 11
43 [1457075648] INFO perfrun.perfcollector <> - dir found : /sys/bus/event_source/devices/software
43 [1457075648] WARN perfrun.perfcollector <> - format subdir doesn't exist, at file: vcs/perfrun1/plugins/perfcollector/src/controller.cpp:605
43 [1457075648] WARN perfrun.perfcollector <> - pmu hwInfo is not set, at file: vcs/perfrun1/plugins/perfcollector/src/controller.cpp:689
43 [1457075648] INFO perfrun.perfcollector <> - pmu added : family : software , id : 0
43 [1457075648] INFO perfrun.perfcollector <> - dir found : /sys/bus/event_source/devices/power
43 [1457075648] INFO perfrun.perfcollector <> - format: event config:0-7 mask:0-7
43 [1457075648] WARN perfrun.perfcollector <> - pmu hwInfo is not set, at file: vcs/perfrun1/plugins/perfcollector/src/controller.cpp:689
43 [1457075648] INFO perfrun.perfcollector <> - pmu added : family : power , id : 0
43 [1457075648] INFO perfrun.perfcollector <> - dir found : /sys/bus/event_source/devices/uncore_pcu
43 [1457075648] INFO perfrun.perfcollector <> - format: inv config:23 mask:23
43 [1457075648] INFO perfrun.perfcollector <> - format: occ_invert config:30 mask:30
43 [1457075648] INFO perfrun.perfcollector <> - format: edge config:18 mask:18
44 [1457075648] INFO perfrun.perfcollector <> - format: event config:0-7 mask:0-7
44 [1457075648] INFO perfrun.perfcollector <> - format: occ_sel config:14-15 mask:14-15
44 [1457075648] INFO perfrun.perfcollector <> - format: thresh config:24-28 mask:24-28
44 [1457075648] INFO perfrun.perfcollector <> - format: filter_band0 config1:0-7 mask:0-7
44 [1457075648] INFO perfrun.perfcollector <> - format: filter_band1 config1:8-15 mask:8-15
44 [1457075648] INFO perfrun.perfcollector <> - format: filter_band2 config1:16-23 mask:16-23
44 [1457075648] INFO perfrun.perfcollector <> - format: filter_band3 config1:24-31 mask:24-31
44 [1457075648] INFO perfrun.perfcollector <> - format: occ_edge config:14-51 mask:14-51
44 [1457075648] WARN perfrun.perfcollector <> - pmu hwInfo is not set, at file: vcs/perfrun1/plugins/perfcollector/src/controller.cpp:689
44 [1457075648] INFO perfrun.perfcollector <> - pmu added : family : uncore_pcu , id : 0
44 [1457075648] INFO perfrun.perfcollector <> - dir found : /sys/bus/event_source/devices/tracepoint
44 [1457075648] WARN perfrun.perfcollector <> - format subdir doesn't exist, at file: vcs/perfrun1/plugins/perfcollector/src/controller.cpp:605
44 [1457075648] WARN perfrun.perfcollector <> - pmu hwInfo is not set, at file: vcs/perfrun1/plugins/perfcollector/src/controller.cpp:689
44 [1457075648] INFO perfrun.perfcollector <> - pmu added : family : tracepoint , id : 0
44 [1457075648] INFO perfrun.perfcollector <> - dir found : /sys/bus/event_source/devices/uncore_imc_0
44 [1457075648] INFO perfrun.perfcollector <> - format: inv config:23 mask:23
44 [1457075648] INFO perfrun.perfcollector <> - format: edge config:18 mask:18
44 [1457075648] INFO perfrun.perfcollector <> - format: event config:0-7 mask:0-7
44 [1457075648] INFO perfrun.perfcollector <> - format: umask config:8-15 mask:8-15
44 [1457075648] INFO perfrun.perfcollector <> - format: thresh config:24-31 mask:24-31
44 [1457075648] INFO perfrun.perfcollector <> - hwInfo : PERF_IMC_PMU_DETAILS
44 [1457075648] INFO perfrun.perfcollector <> - pmu added : family : uncore_imc , id : 0
44 [1457075648] INFO perfrun.perfcollector <> - dir found : /sys/bus/event_source/devices/uncore_imc_1
45 [1457075648] INFO perfrun.perfcollector <> - format: inv config:23 mask:23
45 [1457075648] INFO perfrun.perfcollector <> - format: edge config:18 mask:18
45 [1457075648] INFO perfrun.perfcollector <> - format: event config:0-7 mask:0-7
45 [1457075648] INFO perfrun.perfcollector <> - format: umask config:8-15 mask:8-15
45 [1457075648] INFO perfrun.perfcollector <> - format: thresh config:24-31 mask:24-31
45 [1457075648] INFO perfrun.perfcollector <> - hwInfo : PERF_IMC_PMU_DETAILS
45 [1457075648] INFO perfrun.perfcollector <> - pmu added : family : uncore_imc , id : 1
45 [1457075648] INFO perfrun.perfcollector <> - dir found : /sys/bus/event_source/devices/uncore_imc_4
45 [1457075648] INFO perfrun.perfcollector <> - format: inv config:23 mask:23
45 [1457075648] INFO perfrun.perfcollector <> - format: edge config:18 mask:18
45 [1457075648] INFO perfrun.perfcollector <> - format: event config:0-7 mask:0-7
45 [1457075648] INFO perfrun.perfcollector <> - format: umask config:8-15 mask:8-15
45 [1457075648] INFO perfrun.perfcollector <> - format: thresh config:24-31 mask:24-31
45 [1457075648] INFO perfrun.perfcollector <> - hwInfo : PERF_IMC_PMU_DETAILS
45 [1457075648] INFO perfrun.perfcollector <> - pmu added : family : uncore_imc , id : 4
45 [1457075648] INFO perfrun.perfcollector <> - dir found : /sys/bus/event_source/devices/uncore_imc_5
45 [1457075648] INFO perfrun.perfcollector <> - format: inv config:23 mask:23
45 [1457075648] INFO perfrun.perfcollector <> - format: edge config:18 mask:18
45 [1457075648] INFO perfrun.perfcollector <> - format: event config:0-7 mask:0-7
45 [1457075648] INFO perfrun.perfcollector <> - format: umask config:8-15 mask:8-15
45 [1457075648] INFO perfrun.perfcollector <> - format: thresh config:24-31 mask:24-31
45 [1457075648] INFO perfrun.perfcollector <> - hwInfo : PERF_IMC_PMU_DETAILS
45 [1457075648] INFO perfrun.perfcollector <> - pmu added : family : uncore_imc , id : 5
45 [1457075648] INFO perfrun.perfcollector <> - dir found : /sys/bus/event_source/devices/uncore_qpi_0
46 [1457075648] INFO perfrun.perfcollector <> - format: inv config:23 mask:23
46 [1457075648] INFO perfrun.perfcollector <> - format: edge config:18 mask:18
46 [1457075648] INFO perfrun.perfcollector <> - format: match_rnid4 config1:31 mask:31
46 [1457075648] INFO perfrun.perfcollector <> - format: event config:0-7,21 mask:0-7,21
46 [1457075648] INFO perfrun.perfcollector <> - format: mask0 config2:0-31 mask:0-31
46 [1457075648] INFO perfrun.perfcollector <> - format: mask1 config2:32-63 mask:32-63
46 [1457075648] INFO perfrun.perfcollector <> - format: umask config:8-15 mask:8-15
46 [1457075648] INFO perfrun.perfcollector <> - format: mask_rnid30 config2:32-35 mask:32-35
46 [1457075648] INFO perfrun.perfcollector <> - format: match_rnid30 config1:32-35 mask:32-35
46 [1457075648] INFO perfrun.perfcollector <> - format: match_dnid config1:13-17 mask:13-17
46 [1457075648] INFO perfrun.perfcollector <> - format: mask_mc config2:9-12 mask:9-12
46 [1457075648] INFO perfrun.perfcollector <> - format: mask_dnid config2:13-17 mask:13-17
46 [1457075648] INFO perfrun.perfcollector <> - format: match_opc config1:5-8 mask:5-8
46 [1457075648] INFO perfrun.perfcollector <> - format: match_rds config1:48-51 mask:48-51
46 [1457075648] INFO perfrun.perfcollector <> - format: match_vnw config1:3-4 mask:3-4
46 [1457075648] INFO perfrun.perfcollector <> - format: mask_opc config2:5-8 mask:5-8
46 [1457075648] INFO perfrun.perfcollector <> - format: mask_rds config2:48-51 mask:48-51
46 [1457075648] INFO perfrun.perfcollector <> - format: mask_vnw config2:3-4 mask:3-4
46 [1457075648] INFO perfrun.perfcollector <> - format: match_mc config1:9-12 mask:9-12
46 [1457075648] INFO perfrun.perfcollector <> - format: match0 config1:0-31 mask:0-31
46 [1457075648] INFO perfrun.perfcollector <> - format: match1 config1:32-63 mask:32-63
47 [1457075648] INFO perfrun.perfcollector <> - format: mask_rnid4 config2:31 mask:31
47 [1457075648] INFO perfrun.perfcollector <> - format: thresh config:24-31 mask:24-31
47 [1457075648] INFO perfrun.perfcollector <> - hwInfo : PERF_QPI_PMU_DETAILS
47 [1457075648] INFO perfrun.perfcollector <> - pmu added : family : uncore_qpi , id : 0
47 [1457075648] INFO perfrun.perfcollector <> - dir found : /sys/bus/event_source/devices/uncore_qpi_1
47 [1457075648] INFO perfrun.perfcollector <> - format: inv config:23 mask:23
47 [1457075648] INFO perfrun.perfcollector <> - format: edge config:18 mask:18
47 [1457075648] INFO perfrun.perfcollector <> - format: match_rnid4 config1:31 mask:31
47 [1457075648] INFO perfrun.perfcollector <> - format: event config:0-7,21 mask:0-7,21
47 [1457075648] INFO perfrun.perfcollector <> - format: mask0 config2:0-31 mask:0-31
47 [1457075648] INFO perfrun.perfcollector <> - format: mask1 config2:32-63 mask:32-63
47 [1457075648] INFO perfrun.perfcollector <> - format: umask config:8-15 mask:8-15
47 [1457075648] INFO perfrun.perfcollector <> - format: mask_rnid30 config2:32-35 mask:32-35
47 [1457075648] INFO perfrun.perfcollector <> - format: match_rnid30 config1:32-35 mask:32-35
47 [1457075648] INFO perfrun.perfcollector <> - format: match_dnid config1:13-17 mask:13-17
47 [1457075648] INFO perfrun.perfcollector <> - format: mask_mc config2:9-12 mask:9-12
47 [1457075648] INFO perfrun.perfcollector <> - format: mask_dnid config2:13-17 mask:13-17
47 [1457075648] INFO perfrun.perfcollector <> - format: match_opc config1:5-8 mask:5-8
47 [1457075648] INFO perfrun.perfcollector <> - format: match_rds config1:48-51 mask:48-51
47 [1457075648] INFO perfrun.perfcollector <> - format: match_vnw config1:3-4 mask:3-4
47 [1457075648] INFO perfrun.perfcollector <> - format: mask_opc config2:5-8 mask:5-8
47 [1457075648] INFO perfrun.perfcollector <> - format: mask_rds config2:48-51 mask:48-51
48 [1457075648] INFO perfrun.perfcollector <> - format: mask_vnw config2:3-4 mask:3-4
48 [1457075648] INFO perfrun.perfcollector <> - format: match_mc config1:9-12 mask:9-12
48 [1457075648] INFO perfrun.perfcollector <> - format: match0 config1:0-31 mask:0-31
48 [1457075648] INFO perfrun.perfcollector <> - format: match1 config1:32-63 mask:32-63
48 [1457075648] INFO perfrun.perfcollector <> - format: mask_rnid4 config2:31 mask:31
48 [1457075648] INFO perfrun.perfcollector <> - format: thresh config:24-31 mask:24-31
48 [1457075648] INFO perfrun.perfcollector <> - hwInfo : PERF_QPI_PMU_DETAILS
48 [1457075648] INFO perfrun.perfcollector <> - pmu added : family : uncore_qpi , id : 1
48 [1457075648] INFO perfrun.perfcollector <> - dir found : /sys/bus/event_source/devices/uncore_cbox_0
48 [1457075648] INFO perfrun.perfcollector <> - format: edge config:18 mask:18
48 [1457075648] INFO perfrun.perfcollector <> - format: event config:0-7 mask:0-7
48 [1457075648] INFO perfrun.perfcollector <> - format: umask config:8-15 mask:8-15
48 [1457075648] INFO perfrun.perfcollector <> - format: filter_c6 config1:61 mask:61
48 [1457075648] INFO perfrun.perfcollector <> - format: filter_nc config1:62 mask:62
48 [1457075648] INFO perfrun.perfcollector <> - format: filter_isoc config1:63 mask:63
48 [1457075648] INFO perfrun.perfcollector <> - format: filter_link config1:6-8 mask:6-8
48 [1457075648] INFO perfrun.perfcollector <> - format: filter_nid config1:32-47 mask:32-47
48 [1457075648] INFO perfrun.perfcollector <> - format: filter_opc config1:52-60 mask:52-60
48 [1457075648] INFO perfrun.perfcollector <> - format: filter_tid config1:0-5 mask:0-5
48 [1457075648] INFO perfrun.perfcollector <> - format: tid_en config:19 mask:19
48 [1457075648] INFO perfrun.perfcollector <> - format: thresh config:24-31 mask:24-31
49 [1457075648] INFO perfrun.perfcollector <> - format: filter_state config1:17-23 mask:17-23
49 [1457075648] WARN perfrun.perfcollector <> - pmu hwInfo is not set, at file: vcs/perfrun1/plugins/perfcollector/src/controller.cpp:689
49 [1457075648] INFO perfrun.perfcollector <> - pmu added : family : uncore_cbox , id : 0
49 [1457075648] INFO perfrun.perfcollector <> - dir found : /sys/bus/event_source/devices/uncore_cbox_1
49 [1457075648] INFO perfrun.perfcollector <> - format: edge config:18 mask:18
49 [1457075648] INFO perfrun.perfcollector <> - format: event config:0-7 mask:0-7
49 [1457075648] INFO perfrun.perfcollector <> - format: umask config:8-15 mask:8-15
49 [1457075648] INFO perfrun.perfcollector <> - format: filter_c6 config1:61 mask:61
49 [1457075648] INFO perfrun.perfcollector <> - format: filter_nc config1:62 mask:62
49 [1457075648] INFO perfrun.perfcollector <> - format: filter_isoc config1:63 mask:63
49 [1457075648] INFO perfrun.perfcollector <> - format: filter_link config1:6-8 mask:6-8
49 [1457075648] INFO perfrun.perfcollector <> - format: filter_nid config1:32-47 mask:32-47
49 [1457075648] INFO perfrun.perfcollector <> - format: filter_opc config1:52-60 mask:52-60
49 [1457075648] INFO perfrun.perfcollector <> - format: filter_tid config1:0-5 mask:0-5
49 [1457075648] INFO perfrun.perfcollector <> - format: tid_en config:19 mask:19
49 [1457075648] INFO perfrun.perfcollector <> - format: thresh config:24-31 mask:24-31
49 [1457075648] INFO perfrun.perfcollector <> - format: filter_state config1:17-23 mask:17-23
49 [1457075648] WARN perfrun.perfcollector <> - pmu hwInfo is not set, at file: vcs/perfrun1/plugins/perfcollector/src/controller.cpp:689
49 [1457075648] INFO perfrun.perfcollector <> - pmu added : family : uncore_cbox , id : 1
49 [1457075648] INFO perfrun.perfcollector <> - dir found : /sys/bus/event_source/devices/uncore_cbox_2
49 [1457075648] INFO perfrun.perfcollector <> - format: edge config:18 mask:18
49 [1457075648] INFO perfrun.perfcollector <> - format: event config:0-7 mask:0-7
50 [1457075648] INFO perfrun.perfcollector <> - format: umask config:8-15 mask:8-15
50 [1457075648] INFO perfrun.perfcollector <> - format: filter_c6 config1:61 mask:61
50 [1457075648] INFO perfrun.perfcollector <> - format: filter_nc config1:62 mask:62
50 [1457075648] INFO perfrun.perfcollector <> - format: filter_isoc config1:63 mask:63
50 [1457075648] INFO perfrun.perfcollector <> - format: filter_link config1:6-8 mask:6-8
50 [1457075648] INFO perfrun.perfcollector <> - format: filter_nid config1:32-47 mask:32-47
50 [1457075648] INFO perfrun.perfcollector <> - format: filter_opc config1:52-60 mask:52-60
50 [1457075648] INFO perfrun.perfcollector <> - format: filter_tid config1:0-5 mask:0-5
50 [1457075648] INFO perfrun.perfcollector <> - format: tid_en config:19 mask:19
50 [1457075648] INFO perfrun.perfcollector <> - format: thresh config:24-31 mask:24-31
50 [1457075648] INFO perfrun.perfcollector <> - format: filter_state config1:17-23 mask:17-23
50 [1457075648] WARN perfrun.perfcollector <> - pmu hwInfo is not set, at file: vcs/perfrun1/plugins/perfcollector/src/controller.cpp:689
50 [1457075648] INFO perfrun.perfcollector <> - pmu added : family : uncore_cbox , id : 2
50 [1457075648] INFO perfrun.perfcollector <> - dir found : /sys/bus/event_source/devices/uncore_cbox_3
50 [1457075648] INFO perfrun.perfcollector <> - format: edge config:18 mask:18
50 [1457075648] INFO perfrun.perfcollector <> - format: event config:0-7 mask:0-7
50 [1457075648] INFO perfrun.perfcollector <> - format: umask config:8-15 mask:8-15
50 [1457075648] INFO perfrun.perfcollector <> - format: filter_c6 config1:61 mask:61
50 [1457075648] INFO perfrun.perfcollector <> - format: filter_nc config1:62 mask:62
50 [1457075648] INFO perfrun.perfcollector <> - format: filter_isoc config1:63 mask:63
50 [1457075648] INFO perfrun.perfcollector <> - format: filter_link config1:6-8 mask:6-8
50 [1457075648] INFO perfrun.perfcollector <> - format: filter_nid config1:32-47 mask:32-47
50 [1457075648] INFO perfrun.perfcollector <> - format: filter_opc config1:52-60 mask:52-60
51 [1457075648] INFO perfrun.perfcollector <> - format: filter_tid config1:0-5 mask:0-5
51 [1457075648] INFO perfrun.perfcollector <> - format: tid_en config:19 mask:19
51 [1457075648] INFO perfrun.perfcollector <> - format: thresh config:24-31 mask:24-31
51 [1457075648] INFO perfrun.perfcollector <> - format: filter_state config1:17-23 mask:17-23
51 [1457075648] WARN perfrun.perfcollector <> - pmu hwInfo is not set, at file: vcs/perfrun1/plugins/perfcollector/src/controller.cpp:689
51 [1457075648] INFO perfrun.perfcollector <> - pmu added : family : uncore_cbox , id : 3
51 [1457075648] INFO perfrun.perfcollector <> - dir found : /sys/bus/event_source/devices/uncore_cbox_4
51 [1457075648] INFO perfrun.perfcollector <> - format: edge config:18 mask:18
51 [1457075648] INFO perfrun.perfcollector <> - format: event config:0-7 mask:0-7
51 [1457075648] INFO perfrun.perfcollector <> - format: umask config:8-15 mask:8-15
51 [1457075648] INFO perfrun.perfcollector <> - format: filter_c6 config1:61 mask:61
51 [1457075648] INFO perfrun.perfcollector <> - format: filter_nc config1:62 mask:62
51 [1457075648] INFO perfrun.perfcollector <> - format: filter_isoc config1:63 mask:63
51 [1457075648] INFO perfrun.perfcollector <> - format: filter_link config1:6-8 mask:6-8
51 [1457075648] INFO perfrun.perfcollector <> - format: filter_nid config1:32-47 mask:32-47
51 [1457075648] INFO perfrun.perfcollector <> - format: filter_opc config1:52-60 mask:52-60
51 [1457075648] INFO perfrun.perfcollector <> - format: filter_tid config1:0-5 mask:0-5
51 [1457075648] INFO perfrun.perfcollector <> - format: tid_en config:19 mask:19
51 [1457075648] INFO perfrun.perfcollector <> - format: thresh config:24-31 mask:24-31
51 [1457075648] INFO perfrun.perfcollector <> - format: filter_state config1:17-23 mask:17-23
51 [1457075648] WARN perfrun.perfcollector <> - pmu hwInfo is not set, at file: vcs/perfrun1/plugins/perfcollector/src/controller.cpp:689
51 [1457075648] INFO perfrun.perfcollector <> - pmu added : family : uncore_cbox , id : 4
51 [1457075648] INFO perfrun.perfcollector <> - dir found : /sys/bus/event_source/devices/uncore_cbox_5
51 [1457075648] INFO perfrun.perfcollector <> - format: edge config:18 mask:18
52 [1457075648] INFO perfrun.perfcollector <> - format: event config:0-7 mask:0-7
52 [1457075648] INFO perfrun.perfcollector <> - format: umask config:8-15 mask:8-15
52 [1457075648] INFO perfrun.perfcollector <> - format: filter_c6 config1:61 mask:61
52 [1457075648] INFO perfrun.perfcollector <> - format: filter_nc config1:62 mask:62
52 [1457075648] INFO perfrun.perfcollector <> - format: filter_isoc config1:63 mask:63
52 [1457075648] INFO perfrun.perfcollector <> - format: filter_link config1:6-8 mask:6-8
52 [1457075648] INFO perfrun.perfcollector <> - format: filter_nid config1:32-47 mask:32-47
52 [1457075648] INFO perfrun.perfcollector <> - format: filter_opc config1:52-60 mask:52-60
52 [1457075648] INFO perfrun.perfcollector <> - format: filter_tid config1:0-5 mask:0-5
52 [1457075648] INFO perfrun.perfcollector <> - format: tid_en config:19 mask:19
52 [1457075648] INFO perfrun.perfcollector <> - format: thresh config:24-31 mask:24-31
52 [1457075648] INFO perfrun.perfcollector <> - format: filter_state config1:17-23 mask:17-23
52 [1457075648] WARN perfrun.perfcollector <> - pmu hwInfo is not set, at file: vcs/perfrun1/plugins/perfcollector/src/controller.cpp:689
52 [1457075648] INFO perfrun.perfcollector <> - pmu added : family : uncore_cbox , id : 5
52 [1457075648] INFO perfrun.perfcollector <> - dir found : /sys/bus/event_source/devices/uncore_cbox_6
52 [1457075648] INFO perfrun.perfcollector <> - format: edge config:18 mask:18
52 [1457075648] INFO perfrun.perfcollector <> - format: event config:0-7 mask:0-7
52 [1457075648] INFO perfrun.perfcollector <> - format: umask config:8-15 mask:8-15
52 [1457075648] INFO perfrun.perfcollector <> - format: filter_c6 config1:61 mask:61
52 [1457075648] INFO perfrun.perfcollector <> - format: filter_nc config1:62 mask:62
52 [1457075648] INFO perfrun.perfcollector <> - format: filter_isoc config1:63 mask:63
52 [1457075648] INFO perfrun.perfcollector <> - format: filter_link config1:6-8 mask:6-8
52 [1457075648] INFO perfrun.perfcollector <> - format: filter_nid config1:32-47 mask:32-47
53 [1457075648] INFO perfrun.perfcollector <> - format: filter_opc config1:52-60 mask:52-60
53 [1457075648] INFO perfrun.perfcollector <> - format: filter_tid config1:0-5 mask:0-5
53 [1457075648] INFO perfrun.perfcollector <> - format: tid_en config:19 mask:19
53 [1457075648] INFO perfrun.perfcollector <> - format: thresh config:24-31 mask:24-31
53 [1457075648] INFO perfrun.perfcollector <> - format: filter_state config1:17-23 mask:17-23
53 [1457075648] WARN perfrun.perfcollector <> - pmu hwInfo is not set, at file: vcs/perfrun1/plugins/perfcollector/src/controller.cpp:689
53 [1457075648] INFO perfrun.perfcollector <> - pmu added : family : uncore_cbox , id : 6
53 [1457075648] INFO perfrun.perfcollector <> - dir found : /sys/bus/event_source/devices/uncore_cbox_7
53 [1457075648] INFO perfrun.perfcollector <> - format: edge config:18 mask:18
53 [1457075648] INFO perfrun.perfcollector <> - format: event config:0-7 mask:0-7
53 [1457075648] INFO perfrun.perfcollector <> - format: umask config:8-15 mask:8-15
53 [1457075648] INFO perfrun.perfcollector <> - format: filter_c6 config1:61 mask:61
53 [1457075648] INFO perfrun.perfcollector <> - format: filter_nc config1:62 mask:62
53 [1457075648] INFO perfrun.perfcollector <> - format: filter_isoc config1:63 mask:63
53 [1457075648] INFO perfrun.perfcollector <> - format: filter_link config1:6-8 mask:6-8
53 [1457075648] INFO perfrun.perfcollector <> - format: filter_nid config1:32-47 mask:32-47
53 [1457075648] INFO perfrun.perfcollector <> - format: filter_opc config1:52-60 mask:52-60
53 [1457075648] INFO perfrun.perfcollector <> - format: filter_tid config1:0-5 mask:0-5
53 [1457075648] INFO perfrun.perfcollector <> - format: tid_en config:19 mask:19
53 [1457075648] INFO perfrun.perfcollector <> - format: thresh config:24-31 mask:24-31
53 [1457075648] INFO perfrun.perfcollector <> - format: filter_state config1:17-23 mask:17-23
53 [1457075648] WARN perfrun.perfcollector <> - pmu hwInfo is not set, at file: vcs/perfrun1/plugins/perfcollector/src/controller.cpp:689
53 [1457075648] INFO perfrun.perfcollector <> - pmu added : family : uncore_cbox , id : 7
53 [1457075648] INFO perfrun.perfcollector <> - dir found : /sys/bus/event_source/devices/uncore_cbox_8
54 [1457075648] INFO perfrun.perfcollector <> - format: edge config:18 mask:18
54 [1457075648] INFO perfrun.perfcollector <> - format: event config:0-7 mask:0-7
54 [1457075648] INFO perfrun.perfcollector <> - format: umask config:8-15 mask:8-15
54 [1457075648] INFO perfrun.perfcollector <> - format: filter_c6 config1:61 mask:61
54 [1457075648] INFO perfrun.perfcollector <> - format: filter_nc config1:62 mask:62
54 [1457075648] INFO perfrun.perfcollector <> - format: filter_isoc config1:63 mask:63
54 [1457075648] INFO perfrun.perfcollector <> - format: filter_link config1:6-8 mask:6-8
54 [1457075648] INFO perfrun.perfcollector <> - format: filter_nid config1:32-47 mask:32-47
54 [1457075648] INFO perfrun.perfcollector <> - format: filter_opc config1:52-60 mask:52-60
54 [1457075648] INFO perfrun.perfcollector <> - format: filter_tid config1:0-5 mask:0-5
54 [1457075648] INFO perfrun.perfcollector <> - format: tid_en config:19 mask:19
54 [1457075648] INFO perfrun.perfcollector <> - format: thresh config:24-31 mask:24-31
54 [1457075648] INFO perfrun.perfcollector <> - format: filter_state config1:17-23 mask:17-23
54 [1457075648] WARN perfrun.perfcollector <> - pmu hwInfo is not set, at file: vcs/perfrun1/plugins/perfcollector/src/controller.cpp:689
54 [1457075648] INFO perfrun.perfcollector <> - pmu added : family : uncore_cbox , id : 8
54 [1457075648] INFO perfrun.perfcollector <> - dir found : /sys/bus/event_source/devices/uncore_cbox_9
54 [1457075648] INFO perfrun.perfcollector <> - format: edge config:18 mask:18
54 [1457075648] INFO perfrun.perfcollector <> - format: event config:0-7 mask:0-7
54 [1457075648] INFO perfrun.perfcollector <> - format: umask config:8-15 mask:8-15
54 [1457075648] INFO perfrun.perfcollector <> - format: filter_c6 config1:61 mask:61
54 [1457075648] INFO perfrun.perfcollector <> - format: filter_nc config1:62 mask:62
54 [1457075648] INFO perfrun.perfcollector <> - format: filter_isoc config1:63 mask:63
54 [1457075648] INFO perfrun.perfcollector <> - format: filter_link config1:6-8 mask:6-8
55 [1457075648] INFO perfrun.perfcollector <> - format: filter_nid config1:32-47 mask:32-47
55 [1457075648] INFO perfrun.perfcollector <> - format: filter_opc config1:52-60 mask:52-60
55 [1457075648] INFO perfrun.perfcollector <> - format: filter_tid config1:0-5 mask:0-5
55 [1457075648] INFO perfrun.perfcollector <> - format: tid_en config:19 mask:19
55 [1457075648] INFO perfrun.perfcollector <> - format: thresh config:24-31 mask:24-31
55 [1457075648] INFO perfrun.perfcollector <> - format: filter_state config1:17-23 mask:17-23
55 [1457075648] WARN perfrun.perfcollector <> - pmu hwInfo is not set, at file: vcs/perfrun1/plugins/perfcollector/src/controller.cpp:689
55 [1457075648] INFO perfrun.perfcollector <> - pmu added : family : uncore_cbox , id : 9
55 [1457075648] INFO perfrun.perfcollector <> - dir found : /sys/bus/event_source/devices/kprobe
55 [1457075648] INFO perfrun.perfcollector <> - format: retprobe config:0 mask:0
55 [1457075648] WARN perfrun.perfcollector <> - pmu hwInfo is not set, at file: vcs/perfrun1/plugins/perfcollector/src/controller.cpp:689
55 [1457075648] INFO perfrun.perfcollector <> - pmu added : family : kprobe , id : 0
55 [1457075648] INFO perfrun.perfcollector <> - dir found : /sys/bus/event_source/devices/uncore_r2pcie
55 [1457075648] INFO perfrun.perfcollector <> - format: inv config:23 mask:23
55 [1457075648] INFO perfrun.perfcollector <> - format: edge config:18 mask:18
55 [1457075648] INFO perfrun.perfcollector <> - format: event config:0-7 mask:0-7
55 [1457075648] INFO perfrun.perfcollector <> - format: umask config:8-15 mask:8-15
55 [1457075648] INFO perfrun.perfcollector <> - format: thresh config:24-31 mask:24-31
55 [1457075648] WARN perfrun.perfcollector <> - pmu hwInfo is not set, at file: vcs/perfrun1/plugins/perfcollector/src/controller.cpp:689
55 [1457075648] INFO perfrun.perfcollector <> - pmu added : family : uncore_r2pcie , id : 0
55 [1457075648] INFO perfrun.perfcollector <> - dir found : /sys/bus/event_source/devices/uncore_r3qpi_0
55 [1457075648] INFO perfrun.perfcollector <> - format: inv config:23 mask:23
55 [1457075648] INFO perfrun.perfcollector <> - format: edge config:18 mask:18
55 [1457075648] INFO perfrun.perfcollector <> - format: event config:0-7 mask:0-7
56 [1457075648] INFO perfrun.perfcollector <> - format: umask config:8-15 mask:8-15
56 [1457075648] INFO perfrun.perfcollector <> - format: thresh config:24-31 mask:24-31
56 [1457075648] WARN perfrun.perfcollector <> - pmu hwInfo is not set, at file: vcs/perfrun1/plugins/perfcollector/src/controller.cpp:689
56 [1457075648] INFO perfrun.perfcollector <> - pmu added : family : uncore_r3qpi , id : 0
56 [1457075648] INFO perfrun.perfcollector <> - dir found : /sys/bus/event_source/devices/uncore_r3qpi_1
56 [1457075648] INFO perfrun.perfcollector <> - format: inv config:23 mask:23
56 [1457075648] INFO perfrun.perfcollector <> - format: edge config:18 mask:18
56 [1457075648] INFO perfrun.perfcollector <> - format: event config:0-7 mask:0-7
56 [1457075648] INFO perfrun.perfcollector <> - format: umask config:8-15 mask:8-15
56 [1457075648] INFO perfrun.perfcollector <> - format: thresh config:24-31 mask:24-31
56 [1457075648] WARN perfrun.perfcollector <> - pmu hwInfo is not set, at file: vcs/perfrun1/plugins/perfcollector/src/controller.cpp:689
56 [1457075648] INFO perfrun.perfcollector <> - pmu added : family : uncore_r3qpi , id : 1
56 [1457075648] INFO perfrun.perfcollector <> - dir found : /sys/bus/event_source/devices/uncore_sbox_0
56 [1457075648] INFO perfrun.perfcollector <> - format: inv config:23 mask:23
56 [1457075648] INFO perfrun.perfcollector <> - format: edge config:18 mask:18
56 [1457075648] INFO perfrun.perfcollector <> - format: event config:0-7 mask:0-7
56 [1457075648] INFO perfrun.perfcollector <> - format: umask config:8-15 mask:8-15
56 [1457075648] INFO perfrun.perfcollector <> - format: tid_en config:19 mask:19
56 [1457075648] INFO perfrun.perfcollector <> - format: thresh config:24-31 mask:24-31
56 [1457075648] WARN perfrun.perfcollector <> - pmu hwInfo is not set, at file: vcs/perfrun1/plugins/perfcollector/src/controller.cpp:689
56 [1457075648] INFO perfrun.perfcollector <> - pmu added : family : uncore_sbox , id : 0
56 [1457075648] INFO perfrun.perfcollector <> - dir found : /sys/bus/event_source/devices/uncore_sbox_1
56 [1457075648] INFO perfrun.perfcollector <> - format: inv config:23 mask:23
56 [1457075648] INFO perfrun.perfcollector <> - format: edge config:18 mask:18
57 [1457075648] INFO perfrun.perfcollector <> - format: event config:0-7 mask:0-7
57 [1457075648] INFO perfrun.perfcollector <> - format: umask config:8-15 mask:8-15
57 [1457075648] INFO perfrun.perfcollector <> - format: tid_en config:19 mask:19
57 [1457075648] INFO perfrun.perfcollector <> - format: thresh config:24-31 mask:24-31
57 [1457075648] WARN perfrun.perfcollector <> - pmu hwInfo is not set, at file: vcs/perfrun1/plugins/perfcollector/src/controller.cpp:689
57 [1457075648] INFO perfrun.perfcollector <> - pmu added : family : uncore_sbox , id : 1
57 [1457075648] INFO perfrun.perfcollector <> - dir found : /sys/bus/event_source/devices/uncore_sbox_2
57 [1457075648] INFO perfrun.perfcollector <> - format: inv config:23 mask:23
57 [1457075648] INFO perfrun.perfcollector <> - format: edge config:18 mask:18
57 [1457075648] INFO perfrun.perfcollector <> - format: event config:0-7 mask:0-7
57 [1457075648] INFO perfrun.perfcollector <> - format: umask config:8-15 mask:8-15
57 [1457075648] INFO perfrun.perfcollector <> - format: tid_en config:19 mask:19
57 [1457075648] INFO perfrun.perfcollector <> - format: thresh config:24-31 mask:24-31
57 [1457075648] WARN perfrun.perfcollector <> - pmu hwInfo is not set, at file: vcs/perfrun1/plugins/perfcollector/src/controller.cpp:689
57 [1457075648] INFO perfrun.perfcollector <> - pmu added : family : uncore_sbox , id : 2
57 [1457075648] INFO perfrun.perfcollector <> - dir found : /sys/bus/event_source/devices/uncore_sbox_3
57 [1457075648] INFO perfrun.perfcollector <> - format: inv config:23 mask:23
57 [1457075648] INFO perfrun.perfcollector <> - format: edge config:18 mask:18
57 [1457075648] INFO perfrun.perfcollector <> - format: event config:0-7 mask:0-7
57 [1457075648] INFO perfrun.perfcollector <> - format: umask config:8-15 mask:8-15
57 [1457075648] INFO perfrun.perfcollector <> - format: tid_en config:19 mask:19
57 [1457075648] INFO perfrun.perfcollector <> - format: thresh config:24-31 mask:24-31
57 [1457075648] WARN perfrun.perfcollector <> - pmu hwInfo is not set, at file: vcs/perfrun1/plugins/perfcollector/src/controller.cpp:689
57 [1457075648] INFO perfrun.perfcollector <> - pmu added : family : uncore_sbox , id : 3
57 [1457075648] INFO perfrun.perfcollector <> - dir found : /sys/bus/event_source/devices/uprobe
58 [1457075648] INFO perfrun.perfcollector <> - format: retprobe config:0 mask:0
58 [1457075648] WARN perfrun.perfcollector <> - pmu hwInfo is not set, at file: vcs/perfrun1/plugins/perfcollector/src/controller.cpp:689
58 [1457075648] INFO perfrun.perfcollector <> - pmu added : family : uprobe , id : 0
58 [1457075648] INFO perfrun.perfcollector <> - dir found : /sys/bus/event_source/devices/intel_bts
58 [1457075648] WARN perfrun.perfcollector <> - format subdir doesn't exist, at file: vcs/perfrun1/plugins/perfcollector/src/controller.cpp:605
58 [1457075648] WARN perfrun.perfcollector <> - pmu hwInfo is not set, at file: vcs/perfrun1/plugins/perfcollector/src/controller.cpp:689
58 [1457075648] INFO perfrun.perfcollector <> - pmu added : family : intel_bts , id : 0
58 [1457075648] INFO perfrun.perfcollector <> - dir found : /sys/bus/event_source/devices/breakpoint
58 [1457075648] WARN perfrun.perfcollector <> - format subdir doesn't exist, at file: vcs/perfrun1/plugins/perfcollector/src/controller.cpp:605
58 [1457075648] WARN perfrun.perfcollector <> - pmu hwInfo is not set, at file: vcs/perfrun1/plugins/perfcollector/src/controller.cpp:689
58 [1457075648] INFO perfrun.perfcollector <> - pmu added : family : breakpoint , id : 0
58 [1457075648] INFO perfrun.perfcollector <> - dir found : /sys/bus/event_source/devices/uncore_ha_0
58 [1457075648] INFO perfrun.perfcollector <> - format: inv config:23 mask:23
58 [1457075648] INFO perfrun.perfcollector <> - format: edge config:18 mask:18
58 [1457075648] INFO perfrun.perfcollector <> - format: event config:0-7 mask:0-7
58 [1457075648] INFO perfrun.perfcollector <> - format: umask config:8-15 mask:8-15
58 [1457075648] INFO perfrun.perfcollector <> - format: thresh config:24-31 mask:24-31
58 [1457075648] WARN perfrun.perfcollector <> - pmu hwInfo is not set, at file: vcs/perfrun1/plugins/perfcollector/src/controller.cpp:689
58 [1457075648] INFO perfrun.perfcollector <> - pmu added : family : uncore_ha , id : 0
58 [1457075648] INFO perfrun.perfcollector <> - dir found : /sys/bus/event_source/devices/uncore_ha_1
58 [1457075648] INFO perfrun.perfcollector <> - format: inv config:23 mask:23
58 [1457075648] INFO perfrun.perfcollector <> - format: edge config:18 mask:18
58 [1457075648] INFO perfrun.perfcollector <> - format: event config:0-7 mask:0-7
58 [1457075648] INFO perfrun.perfcollector <> - format: umask config:8-15 mask:8-15
58 [1457075648] INFO perfrun.perfcollector <> - format: thresh config:24-31 mask:24-31
58 [1457075648] WARN perfrun.perfcollector <> - pmu hwInfo is not set, at file: vcs/perfrun1/plugins/perfcollector/src/controller.cpp:689
58 [1457075648] INFO perfrun.perfcollector <> - pmu added : family : uncore_ha , id : 1
58 [1457075648] INFO perfrun.perfcollector <> - dir found : /sys/bus/event_source/devices/uncore_ubox
59 [1457075648] INFO perfrun.perfcollector <> - format: inv config:23 mask:23
59 [1457075648] INFO perfrun.perfcollector <> - format: edge config:18 mask:18
59 [1457075648] INFO perfrun.perfcollector <> - format: event config:0-7 mask:0-7
59 [1457075648] INFO perfrun.perfcollector <> - format: umask config:8-15 mask:8-15
59 [1457075648] INFO perfrun.perfcollector <> - format: filter_cid config1:5 mask:5
59 [1457075648] INFO perfrun.perfcollector <> - format: filter_tid config1:0 mask:0
59 [1457075648] INFO perfrun.perfcollector <> - format: thresh config:24-28 mask:24-28
59 [1457075648] WARN perfrun.perfcollector <> - pmu hwInfo is not set, at file: vcs/perfrun1/plugins/perfcollector/src/controller.cpp:689
59 [1457075648] INFO perfrun.perfcollector <> - pmu added : family : uncore_ubox , id : 0
59 [1457075648] INFO perfrun.launcher <> - plugin perf has been added successfully
59 [1457075648] INFO perfrun.launcher <> - plugin tpss has been added successfully
59 [1457075648] INFO perfrun.launcher <> - plugin exprof has been added successfully
59 [1457075648] INFO perfrun.launcher <> - plugin media has been added successfully
59 [1457075648] INFO perfrun.launcher <> - plugin ice has been added successfully
59 [1457075648] INFO perfrun.launcher <> - plugin  has been added successfully
59 [1457075648] INFO perfrun.launcher <> - plugin  has been added successfully
59 [1457075648] INFO perfrun.launcher <> - plugin parallelfs has been added successfully
59 [1457075648] INFO perfrun.launcher <> - plugin power has been added successfully
60 [1457075648] INFO perfrun.launcher <> - the option was added --interval: Specify an interval of data collection (for example, sampling) in milliseconds.
60 [1457075648] INFO perfrun.launcher <> - the option was added --follow-child: Profile process with or without children.
60 [1457075648] INFO perfrun.launcher <> - the option was added --gelding: BADMSG: perfrun1.launcher.plugin_manager::gelding
60 [1457075648] INFO perfrun.launcher <> - the option was added --time-source: Specify time source for measurement. Possible values: sys - wall clock time; tsc - time stamp counter; ext - time from an external source; auto - auto select accurate time source.
60 [1457075648] INFO perfrun.launcher <> - the option was added --stack: Enable or disable collection of stacks.
60 [1457075648] INFO perfrun.launcher <> - the option was added --stack-stitching: Enable or disable the stack stitching algorithm for Intel TBB-based applications.
60 [1457075648] INFO perfrun.launcher <> - the option was added --type: Specify type of data to be collected. For example, --type cpu:counters,waiting:nostack,io.
60 [1457075648] INFO perfrun.launcher <> - the option was added --mrte-mode: Specify Java/.NET/other managed runtime collection mode. Possible values: native - collect information only for native code; managed - collect information only for managed code; mixed - collect information for both managed and native code; auto - choose the mode based on binary type.
60 [1457075648] INFO perfrun.launcher <> - the option was added --mrte-mode-list: List supported Java/.NET/other managed runtime collection modes.
61 [1457075648] INFO perfrun.launcher <> - the option was added --mrte-type: Specify which managed runtimes to collect. Possible values: java - collect information for Java; dotnet - collect information for .NET; python - collect information for CPython. You can specify several values separated by comma.
61 [1457075648] INFO perfrun.launcher <> - the option was added --mrte-type-list: List supported Java/.NET/other managed runtime types.
61 [1457075648] INFO perfrun.launcher <> - the option was added --trace-strategy: Specify how to profile a process tree. <string> can be "<process>:trace:notrace" - profile the process but do not profile its children. Shorthand parameters: t - trace, nt - notrace. For example, "vtunedemo.exe:t:t".
61 [1457075648] INFO perfrun.launcher <> - the option was added --collector: BADMSG: perfrun1.launcher.plugin_manager::collector
61 [1457075648] INFO perfrun.launcher <> - the option was added --system-wide: Enable system-wide profiling. This mode may require additional permissions.
61 [1457075648] INFO perfrun.launcher <> - the option was added --kvm-guest: Enable KVM guest OS profiling.
61 [1457075648] INFO perfrun.launcher <> - the option was added --kvm-guest-kallsyms: Specify a local path to the /proc/kallsyms file copied from the guest OS for proper symbol resolution.
61 [1457075648] INFO perfrun.launcher <> - the option was added --kvm-guest-modules: Specify a local path to the /proc/modules file copied from the guest OS for proper symbol resolution.
61 [1457075648] INFO perfrun.launcher <> - the option was added --dump-vdso: Dump [vdso] to result directory
61 [1457075648] INFO perfrun.launcher <> - the option was added --bandwidth-limits: Measure bandwidth limits
61 [1457075648] INFO perfrun.launcher <> - the option was added --acrn-map-info: Collect map info for ACRN
61 [1457075648] INFO perfrun.launcher <> - the option was added --bandwidth-strategy: Bandwidth limits determination specific properties (example: --bandwidth-strategy array-size=0,duration=500).
61 [1457075648] INFO perfrun.launcher <> - the option was added --bandwidth-config: List of benchmarks to run.
61 [1457075648] INFO perfrun.launcher <> - the option was added --system-collector-config: Specify subcollectors. Possible values: all, vdso, container, device-info, none.
61 [1457075648] INFO perfrun.launcher <> - the option was added --itt-config: Specify a sub-set of ITT API to collect.
61 [1457075648] INFO perfrun.launcher <> - the option was added --itt-debug: Set pseudo-breakpoint at ITT API collector's start to enable the debugger to attach early.
61 [1457075648] INFO perfrun.launcher <> - the option was added --ptrace: Ptrace collector.
61 [1457075648] INFO perfrun.launcher <> - the option was added --target-pid: BADMSG: perfrun1.ptracecollector::target-pid
61 [1457075648] INFO perfrun.launcher <> - the option was added --ptrace-server-pid: BADMSG: perfrun1.ptracecollector::ptrace-server-pid
61 [1457075648] INFO perfrun.launcher <> - the option was added --ptrace-trace: BADMSG: perfrun1.ptracecollector::ptrace-trace
62 [1457075648] INFO perfrun.launcher <> - the option was added --ptrace-time-source: BADMSG: perfrun1.ptracecollector::ptrace-time-source
62 [1457075648] INFO perfrun.launcher <> - the option was added --ptrace-start-type: BADMSG: perfrun1.ptracecollector::ptrace-start-type
62 [1457075648] INFO perfrun.launcher <> - the option was added --gpu-config: Specify types of GPU data to be collected. Possible values: preset1, preset2.
62 [1457075648] INFO perfrun.launcher <> - the option was added --gpu-debug: Enable self-testing of the GPGPU profiling collector.
62 [1457075648] INFO perfrun.launcher <> - the option was added --custom-collector: Allows to provide arbitrary command line to be run on collection steps.
62 [1457075648] INFO perfrun.launcher <> - the option was added --stdsrc-config: Specify Standard Sources category tag(s).
62 [1457075648] INFO perfrun.launcher <> - the option was added --ftrace-config-list: List Linux Ftrace category tag(s).
62 [1457075648] INFO perfrun.launcher <> - the option was added --ftrace-config: Specify Linux Ftrace category tag(s).
62 [1457075648] INFO perfrun.launcher <> - the option was added --ftrace-function-groups: Enable tracing of specific groups of functions.
62 [1457075648] INFO perfrun.launcher <> - the option was added --event-info: BADMSG: perfrun1.stdsrc::event-info
62 [1457075648] INFO perfrun.launcher <> - the option was added --cpu-list: List supported CPUs.
62 [1457075648] INFO perfrun.launcher <> - the option was added --target-list: List available targets for performing sampling collection.
62 [1457075648] INFO perfrun.launcher <> - the option was added --event-value-list: Display event information.
62 [1457075648] INFO perfrun.launcher <> - the option was added --platform-value-list: Display details of supported platforms.
62 [1457075648] INFO perfrun.launcher <> - the option was added --uncore-event-list: List uncore events for which a sampling data collection can be performed on this platform.
62 [1457075648] INFO perfrun.launcher <> - the option was added --modifier-list: Specify the event name <string> for which the modifiers list is requested.
62 [1457075648] INFO perfrun.launcher <> - the option was added --pmu-list: List supported PMUs.
62 [1457075648] INFO perfrun.launcher <> - the option was added --os-mode-only: Enable sampling data collection for OS-mode processes only.
62 [1457075648] INFO perfrun.launcher <> - the option was added --user-mode-only: Enable sampling data collection for user-mode processes only.
62 [1457075648] INFO perfrun.launcher <> - the option was added --event-config: Perform data collection for the events with <string> configured using the format <event name1>":modifier1=val:modifier2=val/constraint1={:modifier3=val:modifier4=val}...,"<event name2>":... Specify the events(s) to monitor and embed the event names within double quotes("). [:modifier=val] specifies individual event modifiers along with the respective values for a given platform. Note that the modifiers can be generic to an event as well as specific to a constraint (or an event qualifier). The constraint specific special modifiers appear after [/constraint=]. The modifiers can be in decimal or hexadecimal format. Only specific modifiers accept the value as a string. Each event specification is delimited by a comma (,). For a list of supported modifiers and constraints, refer to the documentation.
63 [1457075648] INFO perfrun.launcher <> - the option was added --chipset-event-config: Perform data collection for the chipset events with <string> configured using the format "<event name1>"...,"<event name2>":... Specify the events(s) to monitor and embed the event names within double quotes(").
63 [1457075648] INFO perfrun.launcher <> - the option was added --uncore-event-config: Perform uncore data collection in ebc count mode for the events with <string> configured using the format "<event name1>"...,"<event name2>":... Specify the events(s) to monitor and embed the event names within double quotes(").
63 [1457075648] INFO perfrun.launcher <> - the option was added --count-emon: Enable counting mode and output the data in EMON format.
63 [1457075648] INFO perfrun.launcher <> - the option was added --event-based-counts: Enable event-based counting mode. During sampling data collection, event counts data is collected for the list of events specified in -event-config option.
63 [1457075648] INFO perfrun.launcher <> - the option was added --event-mux-tfactor: Specify the event multiplexing tfactor as <integer> to set the length of the interval between interrupts. The larger the tfactor value, the larger the period between interrupts. Currently this option is only available on Intel platforms codenamed Knights Corner.
63 [1457075648] INFO perfrun.launcher <> - the option was added --full-pebs-capture: Capture full pebs information.
63 [1457075648] INFO perfrun.launcher <> - the option was added --last-branch-records: Capture Last Branch Records information.
63 [1457075648] INFO perfrun.launcher <> - the option was added --pmu-type: Specify the targeted PMU name as <string>.
63 [1457075648] INFO perfrun.launcher <> - the option was added --platform-type: Specify the targeted platform number as <number>.
63 [1457075648] INFO perfrun.launcher <> - the option was added --p-state-trigger: Specify the name of the trigger event for P-state data as <string>. The default trigger is CPU_CLK_UNHALTED.REF_TSC.
63 [1457075648] INFO perfrun.launcher <> - the option was added --bts-count: Specify the <integer> number of BTS records collected after each sample or context switch (VTSS++ only).
63 [1457075648] INFO perfrun.launcher <> - the option was added --cpu-mask: Specify which CPU(s) <string> to collect data on. For example, specify "2-8,10,12-14" to sample only CPUs 2 through 8, 10, and 12 through 14.
63 [1457075648] INFO perfrun.launcher <> - the option was added --event-mux-alg: Specify the event multiplexing algorithm. Possible values: sequence, timer, trigger.
63 [1457075648] INFO perfrun.launcher <> - the option was added --event-mux-timeslice: Specify the event multiplexing time slice value as <integer>. The time slice specifies the duration between cycles for each event multiplexing group. The default value is 50 milliseconds. This option is valid only for timer-based event multiplexing. Specify the event multiplexing time slice value as <integer>. The time slice specifies the duration between cycles for each event multiplexing group. The default value is 1 millisecond. This option is valid only for timer-based event multiplexing.
63 [1457075648] INFO perfrun.launcher <> - the option was added --event-mux-factor: Specify the event multiplexing factor as <integer>. It controls the switching of event multiplexing groups. The default factor is 50. This option is valid only for trigger-based event multiplexing. Specify the event multiplexing factor as <integer>. It controls the switching of event multiplexing groups. The default factor is 1. This option is valid only for trigger-based event multiplexing.
63 [1457075648] INFO perfrun.launcher <> - the option was added --event-mux-trigger: Specify the name of the trigger event for event multiplexing as <string>. This option is valid only for trigger-based event multiplexing. The default trigger is CPU_CLK_UNHALTED.CORE (or CPU_CLK_UNHALTED.THREAD). BADMSG: perfrun1.vtsspp::event-mux-trigger
63 [1457075648] INFO perfrun.launcher <> - the option was added --pt-mode: BADMSG: perfrun1.vtsspp::pt-mode
63 [1457075648] INFO perfrun.launcher <> - the option was added --sample-after-multiplier: Specify the sample after multiplier as <double>. This multiplier modifies the sample after value for all the events specified in -event-config option. The values can range from 0.1 to 100.0. SAV multiplier value
63 [1457075648] INFO perfrun.launcher <> - the option was added --uncore-sampling-interval: Specify the uncore sampling interval as <integer>. This value set the uncore sampling interval for all the uncore events specified in -event-config option.
63 [1457075648] INFO perfrun.launcher <> - the option was added --count: Enable counting mode. Enable counting mode
64 [1457075648] INFO perfrun.launcher <> - the option was added --trace-mpi: Configure collector to trace MPI code.
64 [1457075648] INFO perfrun.launcher <> - the option was added --raw-perf-config: Specify a verified configuration for the Perf collector in the format: <describer>,<content>. For example: map-events-file,<path_to_map_events_file>.
64 [1457075648] INFO perfrun.launcher <> - the option was added --sys-config: BADMSG: perfrun1.vtsspp::sys-config Specify types of system data to be collected. Supported value: cswitch - collect context switch information.
64 [1457075648] INFO perfrun.launcher <> - the option was added --perf-event-config: Specify events for Perf collector in Perf format. For example: perf-event-config=cpu-clock.
64 [1457075648] INFO perfrun.launcher <> - the option was added --perf-aio: Number of control blocks in asynchronous trace writing mode.
64 [1457075648] INFO perfrun.launcher <> - the option was added --perf-compression: Specify compression of Perf collector output data. Possible levels: 0 - without compression, 1..3 - best speed, 4..22 - best compression that incurs big overhead.
64 [1457075648] INFO perfrun.launcher <> - the option was added --perf-min-mmap-read: Minimum data size read from the kernel mapped region.
64 [1457075648] INFO perfrun.launcher <> - the option was added --perf-affinity: Adjust an affinity mask of the Perf thread to a node with an allocated memory trace buffer.
64 [1457075648] INFO perfrun.launcher <> - the option was added --stackwalk: Specify stack unwinding method. Possible values: online - unwind stacks during collection; offline - unwind stacks after collection is finished. Specify stack unwinding method. Possible value: lbr - unwind stacks during collection. Specify stack unwinding method. Possible values: online - unwind stacks during collection; offline - unwind stacks after collection is finished; lbr - enable LBR-based call stack collection. Specify stack unwinding method. Possible values: online - unwind stacks during collection; offline - unwind stacks after collection is finished. Specify stack unwinding method. Possible values: online - unwind stacks during collection; offline - unwind stacks after collection is finished.
64 [1457075648] INFO perfrun.launcher <> - the option was added --filter-include: Filter data during collection. Possible values: contended=<on|off> - filter out uncontended events; contended_nostack=<time> - filter out stacks for contended events that take less than <time> microseconds; wait=<time> - ignore transitions and blocks with wait time less than <time> microseconds; wait_nostack=<time> - filter out stacks for waits that take less than <time> microseconds.
64 [1457075648] INFO perfrun.launcher <> - the option was added --debug-pin: Debug PIN tool and runtime.
64 [1457075648] INFO perfrun.launcher <> - the option was added --debug-exception: Disallow the application to set own abnormal termination handler.
64 [1457075648] INFO perfrun.launcher <> - the option was added --trace-type: Specify the trace file granularity. Possible values: per-thread - per-thread trace file generation; per-process - per-process trace file generation.
64 [1457075648] INFO perfrun.launcher <> - the option was added --instrumentation-type: Specify type of instrumentation.
64 [1457075648] INFO perfrun.launcher <> - the option was added --altstack: Enable or disable usage of altstacks for profiling signal handlers.
64 [1457075648] INFO perfrun.launcher <> - the option was added --profiling-signal: BADMSG: perfrun1.ptracecollector::profiling-signal Alternate profiling signal.
64 [1457075648] INFO perfrun.launcher <> - the option was added --memory-strategy: Specify a minimal memory object size to be traced and a hash table size for faster objects search; for example: --memory-strategy obj-size-min=1024,hash-table-size=4096.
64 [1457075648] INFO perfrun.launcher <> - the option was added --opencl-trace-mode: Specify OpenCL kernel tracing modes: 'default' to trace OpenCL kernels for Intel Graphics Driver only; 'epoch' for any non-Intel graphics, where OpenCL kernels will be traced and OpenCL profiling API timestamps will be interpreted as Unux Epoch time in nanoseconds; 'completion' to trace OpenCL kernels for any Graphics Driver and bind OpenCL profiling API timestamps to the timestamp of OpenCL completion callback.
64 [1457075648] INFO perfrun.launcher <> - the option was added --exprof-com-list: List available COM ports.
65 [1457075648] INFO perfrun.launcher <> - the option was added --exprof-dvc-list: List available DvC IDs.
65 [1457075648] INFO perfrun.launcher <> - the option was added --exprof-trace-channel: BADMSG: perfrun1.exprof::exprof-trace-channel
65 [1457075648] INFO perfrun.launcher <> - the option was added --exprof-event-config: Specify ExactProfiling Event Classes.
65 [1457075648] INFO perfrun.launcher <> - the option was added --ice-pmons-list: BADMSG: perfrun1.ice::ice-pmons-list
65 [1457075648] INFO perfrun.launcher <> - the option was added --ice-pmons-config: BADMSG: perfrun1.ice::ice-pmons-config
65 [1457075648] INFO perfrun.launcher <> - the option was added --parallel-fs-config: Specify parallel fs counters to collect.
65 [1457075648] INFO perfrun.launcher <> - the option was added --pwr-config: BADMSG: perfrun1.vtsspp::pwr-config Specify power metrics configuration.
65 [1457075648] INFO perfrun.launcher <> - the option was added --socwatch-dir: Specify a directory where Intel SoC Watch collector is installed.
66 [1457075648] INFO perfrun.launcher <> - create msngr2::ICliToolContext
67 [1457075648] INFO perfrun.launcher <> - create file finder object
72 [1474472768] INFO perfrun.launcher <> - plugin [remoteplug] was disabled because it doesn't support the given collection type.
72 [1474472768] INFO perfrun.system <> - dumping [vdso] pseudomodule
73 [1474472768] INFO perfrun.launcher <> - plugin [itt] was disabled because it doesn't support the given collection type.
73 [1474472768] INFO perfrun.launcher <> - plugin [ptracecollector] was disabled because it doesn't support the given collection type.
74 [1474472768] INFO perfrun.launcher <> - plugin [gpu] was disabled because it doesn't support the given collection type.
74 [1474472768] INFO perfrun.launcher <> - plugin [] was disabled because it doesn't support the given collection type.
74 [1474472768] INFO perfrun.launcher <> - plugin [] was disabled because it doesn't support the given collection type.
74 [1474472768] INFO perfrun.launcher <> - plugin [] was disabled because it doesn't support the given collection type.
74 [1474472768] INFO perfrun.launcher <> - plugin [mrte] was disabled because it doesn't support the given collection type.
74 [1474472768] INFO perfrun.launcher <> - plugin [emon] was disabled because it doesn't support the given collection type.
74 [1474472768] INFO perfrun.launcher <> - plugin [cuscol] was disabled because it doesn't support the given collection type.
74 [1474472768] INFO perfrun.launcher <> - plugin [stdsrc] was disabled because it doesn't support the given collection type.
74 [1474472768] INFO perfrun.launcher <> - plugin [sep] was disabled because it doesn't support the given collection type.
74 [1474472768] INFO perfrun.launcher <> - plugin [vtsspp] was disabled because it doesn't support the given collection type.
74 [1474472768] INFO perfrun.launcher <> - plugin [perf] was disabled because it doesn't support the given collection type.
74 [1474472768] INFO perfrun.launcher <> - plugin [tpss] was disabled because it doesn't support the given collection type.
74 [1474472768] INFO perfrun.launcher <> - plugin [exprof] was disabled because it doesn't support the given collection type.
74 [1474472768] INFO perfrun.launcher <> - plugin [media] was disabled because it doesn't support the given collection type.
74 [1474472768] INFO perfrun.launcher <> - plugin [ice] was disabled because it doesn't support the given collection type.
74 [1474472768] INFO perfrun.launcher <> - plugin [] was disabled because it doesn't support the given collection type.
74 [1474472768] INFO perfrun.launcher <> - plugin [] was disabled because it doesn't support the given collection type.
74 [1474472768] INFO perfrun.launcher <> - plugin [parallelfs] was disabled because it doesn't support the given collection type.
74 [1474472768] INFO perfrun.launcher <> - plugin [power] was disabled because it doesn't support the given collection type.
74 [1457075648] INFO perfrun.launcher <> - Application exit code: 0
74 [1457075648] INFO perfrun.launcher <> - Exit code: 0
